<?xml version="1.0" encoding="UTF-8"?>
<!-- Generated by org.testng.reporters.JUnitXMLReporter -->
<testsuite hostname="BLRW3011040" ignored="0" name="Test" tests="3" failures="0" timestamp="19 Apr 2018 12:46:07 GMT" time="222.329" errors="0">
  <testcase name="rdm_Panel_Insertion" time="51.42" classname="com.iqvia.testscript.RDM_Panel_Insertion"/>
  <testcase name="rdm_Panel_Updation" time="111.895" classname="com.iqvia.testscript.RDM_Panel_Updation"/>
  <testcase name="rdm_Duplicate_PanelMember" time="58.871" classname="com.iqvia.testscript.RDM_Duplicate_PanelMember"/>
</testsuite> <!-- Test -->
